2018-10-26 14:37:41,230:INFO:CLI has started
2018-10-26 14:37:49,954:ERROR:Login error
2018-10-26 14:42:02,301:INFO:CLI has started
2018-10-26 14:53:42,435:INFO:CLI has started
2018-10-26 14:53:45,812:INFO:Opened login dialog
2018-10-26 14:53:59,090:ERROR:Checking password...
2018-10-26 14:53:59,487:INFO:Password matches.
2018-10-26 14:53:59,487:INFO:Starting account routine...
2018-10-26 14:54:10,483:INFO:Entering transfer dialog...
2018-10-26 14:54:24,682:INFO:Starting money transfer process.
2018-10-26 14:54:24,814:ERROR:Checking password...
2018-10-26 14:54:24,880:INFO:Password matches.
2018-10-26 14:54:25,089:INFO:Starting account routine...
2018-10-26 14:54:30,789:INFO:Leaving the account..
2018-10-26 14:54:30,789:INFO:Successfully logged in
2018-10-26 14:54:38,235:INFO:Opened sign up dialog
2018-11-08 10:12:56,774:INFO:User has been created.
2018-11-08 10:12:56,780:INFO:Checking name availability
2018-11-08 10:12:56,780:ERROR:Checking password...
2018-11-08 10:12:56,781:ERROR:Checking password...
2018-11-08 10:12:56,781:ERROR:Checking password...
2018-11-08 10:12:56,782:INFO:Checking name availability
2018-11-08 10:12:56,782:INFO:Checking name availability
2018-11-08 10:12:56,782:INFO:Checking name availability
2018-11-08 10:19:13,015:INFO:User has been created.
2018-11-08 10:19:13,017:INFO:Checking name availability
2018-11-08 10:19:13,017:ERROR:Checking password...
2018-11-08 10:19:13,018:ERROR:Checking password...
2018-11-08 10:19:13,018:ERROR:Checking password...
2018-11-08 10:19:13,019:INFO:Checking name availability
2018-11-08 10:19:13,019:INFO:Checking name availability
2018-11-08 10:19:13,019:INFO:Checking name availability
2018-11-08 10:21:44,207:INFO:User has been created.
2018-11-08 10:21:44,209:INFO:Checking name availability
2018-11-08 10:21:44,209:INFO:User has been created.
2018-11-08 10:21:44,209:INFO:Checking name availability
2018-11-08 10:21:44,209:ERROR:Checking password...
2018-11-08 10:21:44,209:ERROR:Checking password...
2018-11-08 10:21:44,209:ERROR:Checking password...
2018-11-08 10:21:44,210:ERROR:Checking password...
2018-11-08 10:21:44,210:INFO:Checking name availability
2018-11-08 10:21:44,211:INFO:Checking name availability
2018-11-08 10:21:44,211:INFO:Checking name availability
2018-11-08 10:43:54,780:INFO:User has been created.
2018-11-08 10:43:54,782:INFO:Checking name availability
2018-11-08 10:43:54,782:INFO:User has been created.
2018-11-08 10:43:54,782:INFO:Checking name availability
2018-11-08 10:43:54,782:ERROR:Checking password...
2018-11-08 10:43:54,782:ERROR:Checking password...
2018-11-08 10:43:54,782:ERROR:Checking password...
2018-11-08 10:43:54,782:ERROR:Checking password...
2018-11-08 10:43:54,783:INFO:Checking name availability
2018-11-08 10:43:54,783:INFO:Checking name availability
2018-11-08 10:43:54,783:INFO:Checking name availability
2018-11-08 10:44:58,875:INFO:User has been created.
2018-11-08 10:44:58,875:INFO:User has been created.
2018-11-08 10:44:58,877:INFO:Checking name availability
2018-11-08 10:44:58,877:INFO:User has been created.
2018-11-08 10:44:58,877:INFO:Checking name availability
2018-11-08 10:44:58,877:ERROR:Checking password...
2018-11-08 10:44:58,877:ERROR:Checking password...
2018-11-08 10:44:58,877:ERROR:Checking password...
2018-11-08 10:44:58,877:ERROR:Checking password...
2018-11-08 10:44:58,877:INFO:Starting money transfer process.
2018-11-08 10:44:58,878:ERROR:Checking password...
2018-11-08 10:44:58,878:ERROR:Wrong password
2018-11-08 10:44:58,878:INFO:Starting money transfer process.
2018-11-08 10:44:58,878:ERROR:Low balance/wrong amount
2018-11-08 10:44:58,878:INFO:Starting money transfer process.
2018-11-08 10:44:58,878:ERROR:Low balance/wrong amount
2018-11-08 10:44:58,878:INFO:Checking name availability
2018-11-08 10:44:58,879:INFO:Checking name availability
2018-11-08 10:44:58,879:INFO:Checking name availability
2018-11-08 10:46:46,040:INFO:User has been created.
2018-11-08 10:46:46,040:INFO:User has been created.
2018-11-08 10:46:46,043:INFO:Checking name availability
2018-11-08 10:46:46,043:INFO:User has been created.
2018-11-08 10:46:46,043:INFO:Checking name availability
2018-11-08 10:46:46,043:ERROR:Checking password...
2018-11-08 10:46:46,043:ERROR:Checking password...
2018-11-08 10:46:46,043:ERROR:Checking password...
2018-11-08 10:46:46,043:ERROR:Checking password...
2018-11-08 10:46:46,044:INFO:Starting money transfer process.
2018-11-08 10:46:46,044:ERROR:Checking password...
2018-11-08 10:46:46,044:ERROR:Wrong password
2018-11-08 10:46:46,045:INFO:Starting money transfer process.
2018-11-08 10:46:46,045:ERROR:Low balance/wrong amount
2018-11-08 10:46:46,046:INFO:Starting money transfer process.
2018-11-08 10:46:46,046:ERROR:Low balance/wrong amount
2018-11-08 10:46:46,046:INFO:Checking name availability
2018-11-08 10:46:46,046:INFO:Checking name availability
2018-11-08 10:46:46,046:INFO:Checking name availability
2018-11-08 10:54:32,228:INFO:User has been created.
2018-11-08 10:54:32,228:INFO:User has been created.
2018-11-08 10:54:32,228:ERROR:Checking password...
2018-11-08 10:54:42,502:INFO:User has been created.
2018-11-08 10:54:42,502:INFO:User has been created.
2018-11-08 10:54:42,504:INFO:Checking name availability
2018-11-08 10:54:42,504:INFO:User has been created.
2018-11-08 10:54:42,504:INFO:Checking name availability
2018-11-08 10:54:42,504:ERROR:Checking password...
2018-11-08 10:54:42,504:ERROR:Checking password...
2018-11-08 10:54:42,504:ERROR:Checking password...
2018-11-08 10:54:42,504:ERROR:Checking password...
2018-11-08 10:54:42,504:INFO:Starting money transfer process.
2018-11-08 10:54:42,504:ERROR:Checking password...
2018-11-08 10:54:42,505:ERROR:Wrong password
2018-11-08 10:54:42,505:INFO:Starting money transfer process.
2018-11-08 10:54:42,505:ERROR:Low balance/wrong amount
2018-11-08 10:54:42,505:INFO:Starting money transfer process.
2018-11-08 10:54:42,505:ERROR:Low balance/wrong amount
2018-11-08 10:54:42,506:INFO:Checking name availability
2018-11-08 10:54:42,506:INFO:Checking name availability
2018-11-08 10:54:42,506:INFO:Checking name availability
2018-11-08 10:55:54,978:INFO:User has been created.
2018-11-08 10:55:54,978:INFO:User has been created.
2018-11-08 10:55:54,978:ERROR:Checking password...
2018-11-08 10:55:54,978:INFO:Starting money transfer process.
2018-11-08 10:55:54,978:ERROR:Checking password...
2018-11-08 10:55:54,978:ERROR:Wrong password
2018-11-08 10:57:32,121:INFO:User has been created.
2018-11-08 10:57:32,122:INFO:User has been created.
2018-11-08 10:57:32,122:ERROR:Checking password...
2018-11-08 10:57:32,122:INFO:Starting money transfer process.
2018-11-08 10:57:32,122:ERROR:Checking password...
2018-11-08 10:57:32,122:ERROR:Checking password...
2018-11-08 10:57:32,122:ERROR:Wrong password
2018-11-08 10:58:34,635:INFO:User has been created.
2018-11-08 10:58:34,635:INFO:User has been created.
2018-11-08 10:58:34,636:ERROR:Checking password...
2018-11-08 10:58:34,636:INFO:Starting money transfer process.
2018-11-08 10:59:56,784:INFO:User has been created.
2018-11-08 10:59:56,784:INFO:User has been created.
2018-11-08 10:59:56,786:INFO:Checking name availability
2018-11-08 10:59:56,787:INFO:User has been created.
2018-11-08 10:59:56,787:INFO:Checking name availability
2018-11-08 10:59:56,787:ERROR:Checking password...
2018-11-08 10:59:56,787:ERROR:Checking password...
2018-11-08 10:59:56,787:ERROR:Checking password...
2018-11-08 10:59:56,787:ERROR:Checking password...
2018-11-08 10:59:56,787:INFO:Starting money transfer process.
2018-11-08 10:59:56,787:ERROR:Checking password...
2018-11-08 10:59:56,787:ERROR:Checking password...
2018-11-08 10:59:56,787:ERROR:No such user
2018-11-08 10:59:56,788:INFO:Starting money transfer process.
2018-11-08 10:59:56,788:ERROR:Low balance/wrong amount
2018-11-08 10:59:56,788:INFO:Starting money transfer process.
2018-11-08 10:59:56,788:ERROR:Low balance/wrong amount
2018-11-08 10:59:56,788:INFO:Checking name availability
2018-11-08 10:59:56,788:INFO:Checking name availability
2018-11-08 10:59:56,789:INFO:Checking name availability
2018-11-08 11:00:03,121:INFO:User has been created.
2018-11-08 11:00:03,121:INFO:User has been created.
2018-11-08 11:00:03,121:ERROR:Checking password...
2018-11-08 11:00:03,121:INFO:Starting money transfer process.
2018-11-08 11:00:03,121:ERROR:Checking password...
2018-11-08 11:00:03,122:ERROR:Checking password...
2018-11-08 11:00:03,122:ERROR:No such user
2018-11-08 11:00:28,733:INFO:User has been created.
2018-11-08 11:00:28,733:INFO:User has been created.
2018-11-08 11:00:28,733:ERROR:Checking password...
2018-11-08 11:00:28,734:INFO:Starting money transfer process.
2018-11-08 11:00:28,734:ERROR:Checking password...
2018-11-08 11:00:28,734:ERROR:Checking password...
2018-11-08 11:00:28,734:ERROR:No such user
2018-11-08 11:01:57,467:INFO:User has been created.
2018-11-08 11:01:57,468:INFO:User has been created.
2018-11-08 11:01:57,468:ERROR:Checking password...
2018-11-08 11:01:57,468:INFO:Checking name availability
2018-11-08 11:01:57,468:INFO:Starting money transfer process.
2018-11-08 11:01:57,468:ERROR:Checking password...
2018-11-08 11:01:57,468:ERROR:Checking password...
2018-11-08 11:01:57,468:ERROR:No such user
2018-11-08 11:02:25,013:INFO:User has been created.
2018-11-08 11:02:25,013:INFO:User has been created.
2018-11-08 11:02:25,013:ERROR:Checking password...
2018-11-08 11:02:25,014:INFO:Checking name availability
2018-11-08 11:03:22,470:INFO:User has been created.
2018-11-08 11:03:22,470:INFO:User has been created.
2018-11-08 11:03:22,471:ERROR:Checking password...
2018-11-08 11:03:22,471:INFO:Checking name availability
2018-11-08 11:03:55,355:INFO:User has been created.
2018-11-08 11:03:55,356:INFO:User has been created.
2018-11-08 11:03:55,356:ERROR:Checking password...
2018-11-08 11:03:55,356:INFO:Checking name availability
2018-11-08 11:03:55,356:INFO:Starting money transfer process.
2018-11-08 11:03:55,356:ERROR:Checking password...
2018-11-08 11:03:55,356:ERROR:Checking password...
2018-11-08 11:03:55,356:ERROR:No such user
2018-11-08 11:04:06,425:INFO:User has been created.
2018-11-08 11:04:06,425:INFO:User has been created.
2018-11-08 11:04:06,425:ERROR:Checking password...
2018-11-08 11:04:06,425:INFO:Checking name availability
2018-11-08 11:04:06,426:INFO:Starting money transfer process.
2018-11-08 11:04:29,671:ERROR:Checking password...
2018-11-08 11:04:30,545:ERROR:Checking password...
2018-11-08 11:05:41,538:INFO:User has been created.
2018-11-08 11:05:41,539:INFO:User has been created.
2018-11-08 11:05:41,539:ERROR:Checking password...
2018-11-08 11:05:41,539:INFO:Checking name availability
2018-11-08 11:05:41,539:INFO:Starting money transfer process.
2018-11-08 11:05:41,539:ERROR:Checking password...
2018-11-08 11:05:41,539:ERROR:Checking password...
2018-11-08 11:05:41,540:ERROR:Balance limit
2018-11-08 11:05:58,491:INFO:User has been created.
2018-11-08 11:05:58,492:INFO:User has been created.
2018-11-08 11:05:58,492:ERROR:Checking password...
2018-11-08 11:05:58,492:INFO:Checking name availability
2018-11-08 11:05:58,492:INFO:Starting money transfer process.
2018-11-08 11:06:09,633:ERROR:Checking password...
2018-11-08 11:06:11,575:ERROR:Checking password...
2018-11-08 11:07:13,555:ERROR:Balance limit
2018-11-08 11:07:27,601:INFO:User has been created.
2018-11-08 11:07:27,601:INFO:User has been created.
2018-11-08 11:07:27,601:ERROR:Checking password...
2018-11-08 11:07:27,601:INFO:Checking name availability
2018-11-08 11:07:27,601:INFO:Starting money transfer process.
2018-11-08 11:07:27,601:ERROR:Checking password...
2018-11-08 11:07:27,601:ERROR:Checking password...
2018-11-08 11:07:27,601:ERROR:Balance limit
2018-11-08 11:09:59,949:INFO:User has been created.
2018-11-08 11:09:59,949:INFO:User has been created.
2018-11-08 11:09:59,949:ERROR:Checking password...
2018-11-08 11:09:59,949:INFO:Checking name availability
2018-11-08 11:09:59,949:INFO:Starting money transfer process.
2018-11-08 11:09:59,949:ERROR:Checking password...
2018-11-08 11:09:59,949:ERROR:Checking password...
2018-11-08 11:11:09,336:INFO:User has been created.
2018-11-08 11:11:09,336:INFO:User has been created.
2018-11-08 11:11:09,337:ERROR:Checking password...
2018-11-08 11:11:09,337:INFO:Checking name availability
2018-11-08 11:11:09,337:INFO:Starting money transfer process.
2018-11-08 11:11:09,337:ERROR:Checking password...
2018-11-08 11:11:09,337:ERROR:Checking password...
2018-11-08 11:11:21,918:INFO:User has been created.
2018-11-08 11:11:21,919:INFO:User has been created.
2018-11-08 11:11:21,920:INFO:Checking name availability
2018-11-08 11:11:21,920:INFO:User has been created.
2018-11-08 11:11:21,920:INFO:Checking name availability
2018-11-08 11:11:21,921:ERROR:Checking password...
2018-11-08 11:11:21,921:ERROR:Checking password...
2018-11-08 11:11:21,921:ERROR:Checking password...
2018-11-08 11:11:21,921:ERROR:Checking password...
2018-11-08 11:11:21,921:INFO:Starting money transfer process.
2018-11-08 11:11:21,921:ERROR:Checking password...
2018-11-08 11:11:21,921:ERROR:Checking password...
2018-11-08 11:11:21,921:INFO:Starting money transfer process.
2018-11-08 11:11:21,921:ERROR:Low balance/wrong amount
2018-11-08 11:11:21,921:INFO:Starting money transfer process.
2018-11-08 11:11:21,921:ERROR:Low balance/wrong amount
2018-11-08 11:11:21,922:INFO:Checking name availability
2018-11-08 11:11:21,922:INFO:Checking name availability
2018-11-08 11:11:21,922:INFO:Checking name availability
